15-Mar-2024 14:27:03.939 INFO [main] org.apache.catalina.startup.VersionLoggerListener.log Server version name:   Apache Tomcat/9.0.73
15-Mar-2024 14:27:03.944 INFO [main] org.apache.catalina.startup.VersionLoggerListener.log Server built:          Feb 27 2023 15:33:40 UTC
15-Mar-2024 14:27:03.945 INFO [main] org.apache.catalina.startup.VersionLoggerListener.log Server version number: 9.0.73.0
15-Mar-2024 14:27:03.945 INFO [main] org.apache.catalina.startup.VersionLoggerListener.log OS Name:               Windows 10
15-Mar-2024 14:27:03.945 INFO [main] org.apache.catalina.startup.VersionLoggerListener.log OS Version:            10.0
15-Mar-2024 14:27:03.945 INFO [main] org.apache.catalina.startup.VersionLoggerListener.log Architecture:          amd64
15-Mar-2024 14:27:03.945 INFO [main] org.apache.catalina.startup.VersionLoggerListener.log Java Home:             C:\Program Files\Java\jdk-17
15-Mar-2024 14:27:03.945 INFO [main] org.apache.catalina.startup.VersionLoggerListener.log JVM Version:           17.0.10+11-LTS-240
15-Mar-2024 14:27:03.945 INFO [main] org.apache.catalina.startup.VersionLoggerListener.log JVM Vendor:            Oracle Corporation
15-Mar-2024 14:27:03.945 INFO [main] org.apache.catalina.startup.VersionLoggerListener.log CATALINA_BASE:         C:\LEARN\codegym\PRJ_group_3_project\tomcat\apache-tomcat-9.0.73
15-Mar-2024 14:27:03.946 INFO [main] org.apache.catalina.startup.VersionLoggerListener.log CATALINA_HOME:         C:\LEARN\codegym\PRJ_group_3_project\tomcat\apache-tomcat-9.0.73
15-Mar-2024 14:27:03.960 INFO [main] org.apache.catalina.startup.VersionLoggerListener.log Command line argument: --add-opens=java.base/java.lang=ALL-UNNAMED
15-Mar-2024 14:27:03.960 INFO [main] org.apache.catalina.startup.VersionLoggerListener.log Command line argument: --add-opens=java.base/java.io=ALL-UNNAMED
15-Mar-2024 14:27:03.961 INFO [main] org.apache.catalina.startup.VersionLoggerListener.log Command line argument: --add-opens=java.base/java.util=ALL-UNNAMED
15-Mar-2024 14:27:03.961 INFO [main] org.apache.catalina.startup.VersionLoggerListener.log Command line argument: --add-opens=java.base/java.util.concurrent=ALL-UNNAMED
15-Mar-2024 14:27:03.961 INFO [main] org.apache.catalina.startup.VersionLoggerListener.log Command line argument: --add-opens=java.rmi/sun.rmi.transport=ALL-UNNAMED
15-Mar-2024 14:27:03.961 INFO [main] org.apache.catalina.startup.VersionLoggerListener.log Command line argument: -Djava.util.logging.config.file=C:\LEARN\codegym\PRJ_group_3_project\tomcat\apache-tomcat-9.0.73\conf\logging.properties
15-Mar-2024 14:27:03.961 INFO [main] org.apache.catalina.startup.VersionLoggerListener.log Command line argument: -Djava.util.logging.manager=org.apache.juli.ClassLoaderLogManager
15-Mar-2024 14:27:03.961 INFO [main] org.apache.catalina.startup.VersionLoggerListener.log Command line argument: -Dhttp.nonProxyHosts=localhost|127.0.0.1|DESKTOP-RUV04BN
15-Mar-2024 14:27:03.961 INFO [main] org.apache.catalina.startup.VersionLoggerListener.log Command line argument: -Djdk.tls.ephemeralDHKeySize=2048
15-Mar-2024 14:27:03.961 INFO [main] org.apache.catalina.startup.VersionLoggerListener.log Command line argument: -Djava.protocol.handler.pkgs=org.apache.catalina.webresources
15-Mar-2024 14:27:03.961 INFO [main] org.apache.catalina.startup.VersionLoggerListener.log Command line argument: -Dignore.endorsed.dirs=
15-Mar-2024 14:27:03.961 INFO [main] org.apache.catalina.startup.VersionLoggerListener.log Command line argument: -Dcatalina.base=C:\LEARN\codegym\PRJ_group_3_project\tomcat\apache-tomcat-9.0.73
15-Mar-2024 14:27:03.961 INFO [main] org.apache.catalina.startup.VersionLoggerListener.log Command line argument: -Dcatalina.home=C:\LEARN\codegym\PRJ_group_3_project\tomcat\apache-tomcat-9.0.73
15-Mar-2024 14:27:03.961 INFO [main] org.apache.catalina.startup.VersionLoggerListener.log Command line argument: -Djava.io.tmpdir=C:\LEARN\codegym\PRJ_group_3_project\tomcat\apache-tomcat-9.0.73\temp
15-Mar-2024 14:27:03.965 INFO [main] org.apache.catalina.core.AprLifecycleListener.lifecycleEvent Loaded Apache Tomcat Native library [1.2.36] using APR version [1.7.2].
15-Mar-2024 14:27:04.029 INFO [main] org.apache.catalina.core.AprLifecycleListener.lifecycleEvent APR capabilities: IPv6 [true], sendfile [true], accept filters [false], random [true], UDS [true].
15-Mar-2024 14:27:04.029 INFO [main] org.apache.catalina.core.AprLifecycleListener.lifecycleEvent APR/OpenSSL configuration: useAprConnector [false], useOpenSSL [true]
15-Mar-2024 14:27:04.037 INFO [main] org.apache.catalina.core.AprLifecycleListener.initializeSSL OpenSSL successfully initialized [OpenSSL 1.1.1t  7 Feb 2023]
15-Mar-2024 14:27:04.352 INFO [main] org.apache.coyote.AbstractProtocol.init Initializing ProtocolHandler ["http-nio-8080"]
15-Mar-2024 14:27:04.389 INFO [main] org.apache.catalina.startup.Catalina.load Server initialization in [635] milliseconds
15-Mar-2024 14:27:04.465 INFO [main] org.apache.catalina.core.StandardService.startInternal Starting service [Catalina]
15-Mar-2024 14:27:04.465 INFO [main] org.apache.catalina.core.StandardEngine.startInternal Starting Servlet engine: [Apache Tomcat/9.0.73]
15-Mar-2024 14:27:04.480 INFO [main] org.apache.catalina.startup.HostConfig.deployDirectory Deploying web application directory [C:\LEARN\codegym\PRJ_group_3_project\tomcat\apache-tomcat-9.0.73\webapps\docs]
15-Mar-2024 14:27:04.971 INFO [main] org.apache.catalina.startup.HostConfig.deployDirectory Deployment of web application directory [C:\LEARN\codegym\PRJ_group_3_project\tomcat\apache-tomcat-9.0.73\webapps\docs] has finished in [490] ms
15-Mar-2024 14:27:04.971 INFO [main] org.apache.catalina.startup.HostConfig.deployDirectory Deploying web application directory [C:\LEARN\codegym\PRJ_group_3_project\tomcat\apache-tomcat-9.0.73\webapps\examples]
15-Mar-2024 14:27:05.349 INFO [main] org.apache.catalina.startup.HostConfig.deployDirectory Deployment of web application directory [C:\LEARN\codegym\PRJ_group_3_project\tomcat\apache-tomcat-9.0.73\webapps\examples] has finished in [378] ms
15-Mar-2024 14:27:05.350 INFO [main] org.apache.catalina.startup.HostConfig.deployDirectory Deploying web application directory [C:\LEARN\codegym\PRJ_group_3_project\tomcat\apache-tomcat-9.0.73\webapps\Gradle___com_example___demo1_1_0_SNAPSHOT_war]
15-Mar-2024 14:27:05.412 INFO [main] org.apache.catalina.startup.HostConfig.deployDirectory Deployment of web application directory [C:\LEARN\codegym\PRJ_group_3_project\tomcat\apache-tomcat-9.0.73\webapps\Gradle___com_example___demo1_1_0_SNAPSHOT_war] has finished in [61] ms
15-Mar-2024 14:27:05.412 INFO [main] org.apache.catalina.startup.HostConfig.deployDirectory Deploying web application directory [C:\LEARN\codegym\PRJ_group_3_project\tomcat\apache-tomcat-9.0.73\webapps\Gradle___com_example___demo_1_0_SNAPSHOT_war]
15-Mar-2024 14:27:06.748 INFO [main] org.apache.jasper.servlet.TldScanner.scanJars At least one JAR was scanned for TLDs yet contained no TLDs. Enable debug logging for this logger for a complete list of JARs that were scanned but no TLDs were found in them. Skipping unneeded JARs during scanning can improve startup time and JSP compilation time.
15-Mar-2024 14:27:06.820 INFO [main] org.springframework.web.context.ContextLoader.initWebApplicationContext Root WebApplicationContext: initialization started
15-Mar-2024 14:27:06.923 INFO [main] org.springframework.web.context.support.XmlWebApplicationContext.prepareRefresh Refreshing Root WebApplicationContext: startup date [Fri Mar 15 14:27:06 ICT 2024]; root of context hierarchy
15-Mar-2024 14:27:07.001 INFO [main] org.springframework.beans.factory.xml.XmlBeanDefinitionReader.loadBeanDefinitions Loading XML bean definitions from ServletContext resource [/WEB-INF/applicationContext.xml]
15-Mar-2024 14:27:07.163 INFO [main] org.springframework.web.context.ContextLoader.initWebApplicationContext Root WebApplicationContext: initialization completed in 343 ms
15-Mar-2024 14:27:07.169 INFO [main] org.springframework.web.servlet.DispatcherServlet.initServletBean FrameworkServlet 'dispatcher': initialization started
15-Mar-2024 14:27:07.182 INFO [main] org.springframework.web.context.support.XmlWebApplicationContext.prepareRefresh Refreshing WebApplicationContext for namespace 'dispatcher-servlet': startup date [Fri Mar 15 14:27:07 ICT 2024]; parent: Root WebApplicationContext
15-Mar-2024 14:27:07.183 INFO [main] org.springframework.beans.factory.xml.XmlBeanDefinitionReader.loadBeanDefinitions Loading XML bean definitions from ServletContext resource [/WEB-INF/dispatcher-servlet.xml]
15-Mar-2024 14:27:07.886 INFO [main] org.springframework.web.servlet.mvc.method.annotation.RequestMappingHandlerAdapter.initControllerAdviceCache Looking for @ControllerAdvice: WebApplicationContext for namespace 'dispatcher-servlet': startup date [Fri Mar 15 14:27:07 ICT 2024]; parent: Root WebApplicationContext
15-Mar-2024 14:27:07.958 INFO [main] org.springframework.web.servlet.mvc.method.annotation.RequestMappingHandlerAdapter.initControllerAdviceCache Looking for @ControllerAdvice: WebApplicationContext for namespace 'dispatcher-servlet': startup date [Fri Mar 15 14:27:07 ICT 2024]; parent: Root WebApplicationContext
15-Mar-2024 14:27:08.130 INFO [main] org.springframework.web.servlet.DispatcherServlet.initServletBean FrameworkServlet 'dispatcher': initialization completed in 961 ms
15-Mar-2024 14:27:08.132 INFO [main] org.apache.catalina.startup.HostConfig.deployDirectory Deployment of web application directory [C:\LEARN\codegym\PRJ_group_3_project\tomcat\apache-tomcat-9.0.73\webapps\Gradle___com_example___demo_1_0_SNAPSHOT_war] has finished in [2,720] ms
15-Mar-2024 14:27:08.132 INFO [main] org.apache.catalina.startup.HostConfig.deployDirectory Deploying web application directory [C:\LEARN\codegym\PRJ_group_3_project\tomcat\apache-tomcat-9.0.73\webapps\Gradle___com_example___hhhhhhhhhhh_1_0_SNAPSHOT_war]
15-Mar-2024 14:27:08.173 INFO [main] org.apache.catalina.startup.HostConfig.deployDirectory Deployment of web application directory [C:\LEARN\codegym\PRJ_group_3_project\tomcat\apache-tomcat-9.0.73\webapps\Gradle___com_example___hhhhhhhhhhh_1_0_SNAPSHOT_war] has finished in [41] ms
15-Mar-2024 14:27:08.174 INFO [main] org.apache.catalina.startup.HostConfig.deployDirectory Deploying web application directory [C:\LEARN\codegym\PRJ_group_3_project\tomcat\apache-tomcat-9.0.73\webapps\Gradle___com_example___hienThiDanhSachKhachHang_1_0_SNAPSHOT_war]
15-Mar-2024 14:27:08.354 INFO [main] org.apache.catalina.startup.HostConfig.deployDirectory Deployment of web application directory [C:\LEARN\codegym\PRJ_group_3_project\tomcat\apache-tomcat-9.0.73\webapps\Gradle___com_example___hienThiDanhSachKhachHang_1_0_SNAPSHOT_war] has finished in [180] ms
15-Mar-2024 14:27:08.355 INFO [main] org.apache.catalina.startup.HostConfig.deployDirectory Deploying web application directory [C:\LEARN\codegym\PRJ_group_3_project\tomcat\apache-tomcat-9.0.73\webapps\Gradle___com_example___pc_1_0_SNAPSHOT_war]
15-Mar-2024 14:27:08.417 INFO [main] org.apache.catalina.startup.HostConfig.deployDirectory Deployment of web application directory [C:\LEARN\codegym\PRJ_group_3_project\tomcat\apache-tomcat-9.0.73\webapps\Gradle___com_example___pc_1_0_SNAPSHOT_war] has finished in [61] ms
15-Mar-2024 14:27:08.417 INFO [main] org.apache.catalina.startup.HostConfig.deployDirectory Deploying web application directory [C:\LEARN\codegym\PRJ_group_3_project\tomcat\apache-tomcat-9.0.73\webapps\Gradle___com_example___quan_ly_san_pham_1_0_SNAPSHOT_war]
15-Mar-2024 14:27:09.401 INFO [main] org.apache.jasper.servlet.TldScanner.scanJars At least one JAR was scanned for TLDs yet contained no TLDs. Enable debug logging for this logger for a complete list of JARs that were scanned but no TLDs were found in them. Skipping unneeded JARs during scanning can improve startup time and JSP compilation time.
15-Mar-2024 14:27:09.475 INFO [main] org.springframework.web.context.ContextLoader.initWebApplicationContext Root WebApplicationContext: initialization started
15-Mar-2024 14:27:09.500 INFO [main] org.springframework.web.context.support.AnnotationConfigWebApplicationContext.prepareRefresh Refreshing Root WebApplicationContext: startup date [Fri Mar 15 14:27:09 ICT 2024]; root of context hierarchy
15-Mar-2024 14:27:09.565 INFO [main] org.springframework.web.context.support.AnnotationConfigWebApplicationContext.loadBeanDefinitions Registering annotated classes: [class com.codegym.configHTML.AppConfiguration]
15-Mar-2024 14:27:10.283 INFO [main] org.springframework.web.servlet.mvc.method.annotation.RequestMappingHandlerMapping.register Mapped "{[/product || /product/list],methods=[GET]}" onto public java.lang.String com.codegym.controller.ProductController.showList(org.springframework.ui.Model)
15-Mar-2024 14:27:10.284 INFO [main] org.springframework.web.servlet.mvc.method.annotation.RequestMappingHandlerMapping.register Mapped "{[/product/create],methods=[POST]}" onto public org.springframework.web.servlet.ModelAndView com.codegym.controller.ProductController.doCreate(com.codegym.model.Product)
15-Mar-2024 14:27:10.285 INFO [main] org.springframework.web.servlet.mvc.method.annotation.RequestMappingHandlerMapping.register Mapped "{[/product/update],methods=[POST]}" onto public org.springframework.web.servlet.ModelAndView com.codegym.controller.ProductController.doUpdate(com.codegym.model.Product)
15-Mar-2024 14:27:10.285 INFO [main] org.springframework.web.servlet.mvc.method.annotation.RequestMappingHandlerMapping.register Mapped "{[/product/delete/{id}],methods=[GET]}" onto public java.lang.String com.codegym.controller.ProductController.showDelete(int)
15-Mar-2024 14:27:10.285 INFO [main] org.springframework.web.servlet.mvc.method.annotation.RequestMappingHandlerMapping.register Mapped "{[/product/detail],methods=[GET]}" onto public java.lang.String com.codegym.controller.ProductController.showDetail(int,org.springframework.ui.Model)
15-Mar-2024 14:27:10.285 INFO [main] org.springframework.web.servlet.mvc.method.annotation.RequestMappingHandlerMapping.register Mapped "{[/product/create],methods=[GET]}" onto public java.lang.String com.codegym.controller.ProductController.showCreate(com.codegym.model.Product,org.springframework.ui.Model)
15-Mar-2024 14:27:10.285 INFO [main] org.springframework.web.servlet.mvc.method.annotation.RequestMappingHandlerMapping.register Mapped "{[/product/search],methods=[POST]}" onto public org.springframework.web.servlet.ModelAndView com.codegym.controller.ProductController.doSearch(java.lang.String)
15-Mar-2024 14:27:10.286 INFO [main] org.springframework.web.servlet.mvc.method.annotation.RequestMappingHandlerMapping.register Mapped "{[/product/update/{id}],methods=[GET]}" onto public java.lang.String com.codegym.controller.ProductController.showUpdate(int,org.springframework.ui.Model)
15-Mar-2024 14:27:10.360 INFO [main] org.springframework.web.servlet.mvc.method.annotation.RequestMappingHandlerAdapter.initControllerAdviceCache Looking for @ControllerAdvice: Root WebApplicationContext: startup date [Fri Mar 15 14:27:09 ICT 2024]; root of context hierarchy
15-Mar-2024 14:27:10.542 INFO [main] org.springframework.web.context.ContextLoader.initWebApplicationContext Root WebApplicationContext: initialization completed in 1067 ms
15-Mar-2024 14:27:10.544 INFO [main] org.springframework.web.servlet.DispatcherServlet.initServletBean FrameworkServlet 'dispatcher': initialization started
15-Mar-2024 14:27:10.547 INFO [main] org.springframework.web.context.support.AnnotationConfigWebApplicationContext.prepareRefresh Refreshing WebApplicationContext for namespace 'dispatcher-servlet': startup date [Fri Mar 15 14:27:10 ICT 2024]; parent: Root WebApplicationContext
15-Mar-2024 14:27:10.614 INFO [main] org.springframework.web.servlet.DispatcherServlet.initServletBean FrameworkServlet 'dispatcher': initialization completed in 70 ms
15-Mar-2024 14:27:10.615 INFO [main] org.apache.catalina.startup.HostConfig.deployDirectory Deployment of web application directory [C:\LEARN\codegym\PRJ_group_3_project\tomcat\apache-tomcat-9.0.73\webapps\Gradle___com_example___quan_ly_san_pham_1_0_SNAPSHOT_war] has finished in [2,198] ms
15-Mar-2024 14:27:10.616 INFO [main] org.apache.catalina.startup.HostConfig.deployDirectory Deploying web application directory [C:\LEARN\codegym\PRJ_group_3_project\tomcat\apache-tomcat-9.0.73\webapps\Gradle___com_example___spring_form_employee_1_0_SNAPSHOT_war]
15-Mar-2024 14:27:11.284 INFO [main] org.apache.jasper.servlet.TldScanner.scanJars At least one JAR was scanned for TLDs yet contained no TLDs. Enable debug logging for this logger for a complete list of JARs that were scanned but no TLDs were found in them. Skipping unneeded JARs during scanning can improve startup time and JSP compilation time.
15-Mar-2024 14:27:11.306 INFO [main] org.springframework.web.context.ContextLoader.initWebApplicationContext Root WebApplicationContext: initialization started
15-Mar-2024 14:27:11.517 INFO [main] org.springframework.web.context.ContextLoader.initWebApplicationContext Root WebApplicationContext initialized in 211 ms
15-Mar-2024 14:27:11.522 INFO [main] org.springframework.web.servlet.FrameworkServlet.initServletBean Initializing Servlet 'dispatcher'
15-Mar-2024 14:27:12.128 INFO [main] org.springframework.web.servlet.FrameworkServlet.initServletBean Completed initialization in 606 ms
15-Mar-2024 14:27:12.131 INFO [main] org.apache.catalina.startup.HostConfig.deployDirectory Deployment of web application directory [C:\LEARN\codegym\PRJ_group_3_project\tomcat\apache-tomcat-9.0.73\webapps\Gradle___com_example___spring_form_employee_1_0_SNAPSHOT_war] has finished in [1,515] ms
15-Mar-2024 14:27:12.131 INFO [main] org.apache.catalina.startup.HostConfig.deployDirectory Deploying web application directory [C:\LEARN\codegym\PRJ_group_3_project\tomcat\apache-tomcat-9.0.73\webapps\Gradle___com_example___taoTrangWebDeDangNhapVaHienThiLoiChao_1_0_SNAPSHOT_war]
15-Mar-2024 14:27:12.166 INFO [main] org.apache.catalina.startup.HostConfig.deployDirectory Deployment of web application directory [C:\LEARN\codegym\PRJ_group_3_project\tomcat\apache-tomcat-9.0.73\webapps\Gradle___com_example___taoTrangWebDeDangNhapVaHienThiLoiChao_1_0_SNAPSHOT_war] has finished in [35] ms
15-Mar-2024 14:27:12.166 INFO [main] org.apache.catalina.startup.HostConfig.deployDirectory Deploying web application directory [C:\LEARN\codegym\PRJ_group_3_project\tomcat\apache-tomcat-9.0.73\webapps\Gradle___com_example___test_many_to_many_1_0_SNAPSHOT_war]
15-Mar-2024 14:27:12.512 INFO [main] org.apache.jasper.servlet.TldScanner.scanJars At least one JAR was scanned for TLDs yet contained no TLDs. Enable debug logging for this logger for a complete list of JARs that were scanned but no TLDs were found in them. Skipping unneeded JARs during scanning can improve startup time and JSP compilation time.
15-Mar-2024 14:27:12.527 INFO [main] org.apache.catalina.startup.HostConfig.deployDirectory Deployment of web application directory [C:\LEARN\codegym\PRJ_group_3_project\tomcat\apache-tomcat-9.0.73\webapps\Gradle___com_example___test_many_to_many_1_0_SNAPSHOT_war] has finished in [361] ms
15-Mar-2024 14:27:12.527 INFO [main] org.apache.catalina.startup.HostConfig.deployDirectory Deploying web application directory [C:\LEARN\codegym\PRJ_group_3_project\tomcat\apache-tomcat-9.0.73\webapps\Gradle___com_example___thi_module_3_lan_2_1_0_SNAPSHOT_war]
15-Mar-2024 14:27:12.882 INFO [main] org.apache.jasper.servlet.TldScanner.scanJars At least one JAR was scanned for TLDs yet contained no TLDs. Enable debug logging for this logger for a complete list of JARs that were scanned but no TLDs were found in them. Skipping unneeded JARs during scanning can improve startup time and JSP compilation time.
15-Mar-2024 14:27:12.904 INFO [main] org.apache.catalina.startup.HostConfig.deployDirectory Deployment of web application directory [C:\LEARN\codegym\PRJ_group_3_project\tomcat\apache-tomcat-9.0.73\webapps\Gradle___com_example___thi_module_3_lan_2_1_0_SNAPSHOT_war] has finished in [377] ms
15-Mar-2024 14:27:12.904 INFO [main] org.apache.catalina.startup.HostConfig.deployDirectory Deploying web application directory [C:\LEARN\codegym\PRJ_group_3_project\tomcat\apache-tomcat-9.0.73\webapps\Gradle___com_example___tienthanh_1_0_SNAPSHOT_war]
15-Mar-2024 14:27:13.910 INFO [main] org.apache.jasper.servlet.TldScanner.scanJars At least one JAR was scanned for TLDs yet contained no TLDs. Enable debug logging for this logger for a complete list of JARs that were scanned but no TLDs were found in them. Skipping unneeded JARs during scanning can improve startup time and JSP compilation time.
15-Mar-2024 14:27:13.979 INFO [main] org.springframework.web.context.ContextLoader.initWebApplicationContext Root WebApplicationContext: initialization started
15-Mar-2024 14:27:13.999 INFO [main] org.springframework.web.context.support.AnnotationConfigWebApplicationContext.prepareRefresh Refreshing Root WebApplicationContext: startup date [Fri Mar 15 14:27:13 ICT 2024]; root of context hierarchy
15-Mar-2024 14:27:14.068 INFO [main] org.springframework.web.context.support.AnnotationConfigWebApplicationContext.loadBeanDefinitions Registering annotated classes: [class com.tienthanh.configHTML.AppConfiguration]
15-Mar-2024 14:27:14.715 INFO [main] org.springframework.web.servlet.mvc.method.annotation.RequestMappingHandlerMapping.register Mapped "{[/tienthanh/save_create_android_phone],methods=[POST]}" onto public java.lang.String com.tienthanh.controller.Android_PhoneController.aaaa(com.tienthanh.model.Android_Phone)
15-Mar-2024 14:27:14.716 INFO [main] org.springframework.web.servlet.mvc.method.annotation.RequestMappingHandlerMapping.register Mapped "{[/tienthanh],methods=[GET]}" onto public java.lang.String com.tienthanh.controller.Android_PhoneController.listAndroid_Phone(org.springframework.ui.Model)
15-Mar-2024 14:27:14.796 INFO [main] org.springframework.web.servlet.mvc.method.annotation.RequestMappingHandlerAdapter.initControllerAdviceCache Looking for @ControllerAdvice: Root WebApplicationContext: startup date [Fri Mar 15 14:27:13 ICT 2024]; root of context hierarchy
15-Mar-2024 14:27:14.991 INFO [main] org.springframework.web.context.ContextLoader.initWebApplicationContext Root WebApplicationContext: initialization completed in 1012 ms
15-Mar-2024 14:27:14.993 INFO [main] org.springframework.web.servlet.DispatcherServlet.initServletBean FrameworkServlet 'dispatcher': initialization started
15-Mar-2024 14:27:14.994 INFO [main] org.springframework.web.context.support.AnnotationConfigWebApplicationContext.prepareRefresh Refreshing WebApplicationContext for namespace 'dispatcher-servlet': startup date [Fri Mar 15 14:27:14 ICT 2024]; parent: Root WebApplicationContext
15-Mar-2024 14:27:15.066 INFO [main] org.springframework.web.servlet.DispatcherServlet.initServletBean FrameworkServlet 'dispatcher': initialization completed in 73 ms
15-Mar-2024 14:27:15.069 INFO [main] org.apache.catalina.startup.HostConfig.deployDirectory Deployment of web application directory [C:\LEARN\codegym\PRJ_group_3_project\tomcat\apache-tomcat-9.0.73\webapps\Gradle___com_example___tienthanh_1_0_SNAPSHOT_war] has finished in [2,164] ms
15-Mar-2024 14:27:15.069 INFO [main] org.apache.catalina.startup.HostConfig.deployDirectory Deploying web application directory [C:\LEARN\codegym\PRJ_group_3_project\tomcat\apache-tomcat-9.0.73\webapps\Gradle___com_example___Tien_Thanh_1_0_SNAPSHOT_war]
15-Mar-2024 14:27:15.110 INFO [main] org.apache.catalina.startup.HostConfig.deployDirectory Deployment of web application directory [C:\LEARN\codegym\PRJ_group_3_project\tomcat\apache-tomcat-9.0.73\webapps\Gradle___com_example___Tien_Thanh_1_0_SNAPSHOT_war] has finished in [40] ms
15-Mar-2024 14:27:15.110 INFO [main] org.apache.catalina.startup.HostConfig.deployDirectory Deploying web application directory [C:\LEARN\codegym\PRJ_group_3_project\tomcat\apache-tomcat-9.0.73\webapps\Gradle___com_example___TuDienDonGian_1_0_SNAPSHOT_war]
15-Mar-2024 14:27:15.669 INFO [main] org.apache.jasper.servlet.TldScanner.scanJars At least one JAR was scanned for TLDs yet contained no TLDs. Enable debug logging for this logger for a complete list of JARs that were scanned but no TLDs were found in them. Skipping unneeded JARs during scanning can improve startup time and JSP compilation time.
15-Mar-2024 14:27:15.694 INFO [main] org.springframework.web.context.ContextLoader.initWebApplicationContext Root WebApplicationContext: initialization started
15-Mar-2024 14:27:15.747 INFO [main] org.springframework.web.context.support.XmlWebApplicationContext.prepareRefresh Refreshing Root WebApplicationContext: startup date [Fri Mar 15 14:27:15 ICT 2024]; root of context hierarchy
15-Mar-2024 14:27:15.788 INFO [main] org.springframework.beans.factory.xml.XmlBeanDefinitionReader.loadBeanDefinitions Loading XML bean definitions from ServletContext resource [/WEB-INF/applicationContext.xml]
15-Mar-2024 14:27:15.862 INFO [main] org.springframework.web.context.ContextLoader.initWebApplicationContext Root WebApplicationContext: initialization completed in 168 ms
15-Mar-2024 14:27:15.869 INFO [main] org.springframework.web.servlet.DispatcherServlet.initServletBean FrameworkServlet 'dispatcher': initialization started
15-Mar-2024 14:27:15.882 INFO [main] org.springframework.web.context.support.XmlWebApplicationContext.prepareRefresh Refreshing WebApplicationContext for namespace 'dispatcher-servlet': startup date [Fri Mar 15 14:27:15 ICT 2024]; parent: Root WebApplicationContext
15-Mar-2024 14:27:15.882 INFO [main] org.springframework.beans.factory.xml.XmlBeanDefinitionReader.loadBeanDefinitions Loading XML bean definitions from ServletContext resource [/WEB-INF/dispatcher-servlet.xml]
15-Mar-2024 14:27:16.357 INFO [main] org.springframework.web.servlet.mvc.method.annotation.RequestMappingHandlerMapping.register Mapped "{[/dictionary],methods=[GET]}" onto public java.lang.String com.codegym.Controller.Controller.index()
15-Mar-2024 14:27:16.359 INFO [main] org.springframework.web.servlet.mvc.method.annotation.RequestMappingHandlerMapping.register Mapped "{[/US],methods=[POST]}" onto public java.lang.String com.codegym.Controller.Controller.submit(java.lang.String,org.springframework.ui.Model)
15-Mar-2024 14:27:16.423 INFO [main] org.springframework.web.servlet.mvc.method.annotation.RequestMappingHandlerAdapter.initControllerAdviceCache Looking for @ControllerAdvice: WebApplicationContext for namespace 'dispatcher-servlet': startup date [Fri Mar 15 14:27:15 ICT 2024]; parent: Root WebApplicationContext
15-Mar-2024 14:27:16.471 INFO [main] org.springframework.web.servlet.mvc.method.annotation.RequestMappingHandlerAdapter.initControllerAdviceCache Looking for @ControllerAdvice: WebApplicationContext for namespace 'dispatcher-servlet': startup date [Fri Mar 15 14:27:15 ICT 2024]; parent: Root WebApplicationContext
15-Mar-2024 14:27:16.581 INFO [main] org.springframework.web.servlet.DispatcherServlet.initServletBean FrameworkServlet 'dispatcher': initialization completed in 712 ms
15-Mar-2024 14:27:16.583 INFO [main] org.apache.catalina.startup.HostConfig.deployDirectory Deployment of web application directory [C:\LEARN\codegym\PRJ_group_3_project\tomcat\apache-tomcat-9.0.73\webapps\Gradle___com_example___TuDienDonGian_1_0_SNAPSHOT_war] has finished in [1,473] ms
15-Mar-2024 14:27:16.584 INFO [main] org.apache.catalina.startup.HostConfig.deployDirectory Deploying web application directory [C:\LEARN\codegym\PRJ_group_3_project\tomcat\apache-tomcat-9.0.73\webapps\Gradle___com_example___ungDungChuyenDoiTienTe_1_0_SNAPSHOT_war]
15-Mar-2024 14:27:16.616 INFO [main] org.apache.catalina.startup.HostConfig.deployDirectory Deployment of web application directory [C:\LEARN\codegym\PRJ_group_3_project\tomcat\apache-tomcat-9.0.73\webapps\Gradle___com_example___ungDungChuyenDoiTienTe_1_0_SNAPSHOT_war] has finished in [32] ms
15-Mar-2024 14:27:16.616 INFO [main] org.apache.catalina.startup.HostConfig.deployDirectory Deploying web application directory [C:\LEARN\codegym\PRJ_group_3_project\tomcat\apache-tomcat-9.0.73\webapps\Gradle___com_tienthanh___tiem_cam_do_tien_thanh_1_0_SNAPSHOT_war]
15-Mar-2024 14:27:18.113 INFO [main] org.apache.jasper.servlet.TldScanner.scanJars At least one JAR was scanned for TLDs yet contained no TLDs. Enable debug logging for this logger for a complete list of JARs that were scanned but no TLDs were found in them. Skipping unneeded JARs during scanning can improve startup time and JSP compilation time.
15-Mar-2024 14:27:18.214 INFO [main] org.springframework.web.context.ContextLoader.initWebApplicationContext Root WebApplicationContext: initialization started
15-Mar-2024 14:27:18.239 INFO [main] org.springframework.web.context.support.AnnotationConfigWebApplicationContext.prepareRefresh Refreshing Root WebApplicationContext: startup date [Fri Mar 15 14:27:18 ICT 2024]; root of context hierarchy
15-Mar-2024 14:27:18.314 INFO [main] org.springframework.web.context.support.AnnotationConfigWebApplicationContext.loadBeanDefinitions Registering annotated classes: [class com.tienthanh.configHTML.AppConfiguration]
15-Mar-2024 14:27:19.032 INFO [main] org.springframework.web.servlet.mvc.method.annotation.RequestMappingHandlerMapping.register Mapped "{[/tienthanhJDBC/save_create_android_phone],methods=[POST]}" onto public java.lang.String com.tienthanh.controllerJDBC.Android_PhoneControllerJDBC.aaaa(com.tienthanh.modelJDBC.Android_PhoneJDBC,org.springframework.ui.Model)
15-Mar-2024 14:27:19.034 INFO [main] org.springframework.web.servlet.mvc.method.annotation.RequestMappingHandlerMapping.register Mapped "{[/tienthanhJDBC],methods=[GET]}" onto public java.lang.String com.tienthanh.controllerJDBC.Android_PhoneControllerJDBC.listAndroid_Phone(org.springframework.ui.Model)
15-Mar-2024 14:27:19.038 INFO [main] org.springframework.web.servlet.mvc.method.annotation.RequestMappingHandlerMapping.register Mapped "{[/tienthanhORM],methods=[GET]}" onto public java.lang.String com.tienthanh.controllerORM.Android_PhoneControllerORM.listAndroid_Phone(org.springframework.ui.Model)
15-Mar-2024 14:27:19.039 INFO [main] org.springframework.web.servlet.mvc.method.annotation.RequestMappingHandlerMapping.register Mapped "{[/tienthanhORM/list_Find_Android_Phone_Similar_By_Name],methods=[POST]}" onto public java.lang.String com.tienthanh.controllerORM.Android_PhoneControllerORM.list_Find_Android_Phone_Similar_By_Name(java.lang.String,org.springframework.ui.Model)
15-Mar-2024 14:27:19.039 INFO [main] org.springframework.web.servlet.mvc.method.annotation.RequestMappingHandlerMapping.register Mapped "{[/tienthanhORM/list_Find_Android_Phone_Similar_By_Id],methods=[POST]}" onto public java.lang.String com.tienthanh.controllerORM.Android_PhoneControllerORM.list_Find_Android_Phone_Similar_By_Id(java.lang.String,org.springframework.ui.Model)
15-Mar-2024 14:27:19.039 INFO [main] org.springframework.web.servlet.mvc.method.annotation.RequestMappingHandlerMapping.register Mapped "{[/tienthanhORM/delete_android_phone_by_id],methods=[POST]}" onto public java.lang.String com.tienthanh.controllerORM.Android_PhoneControllerORM.delete_android_phone_by_id(java.lang.String)
15-Mar-2024 14:27:19.039 INFO [main] org.springframework.web.servlet.mvc.method.annotation.RequestMappingHandlerMapping.register Mapped "{[/tienthanhORM/near_term_list_android_phone],methods=[GET]}" onto public java.lang.String com.tienthanh.controllerORM.Android_PhoneControllerORM.near_term_list_android_phone(org.springframework.ui.Model)
15-Mar-2024 14:27:19.040 INFO [main] org.springframework.web.servlet.mvc.method.annotation.RequestMappingHandlerMapping.register Mapped "{[/tienthanhORM/late_list_android_phone],methods=[GET]}" onto public java.lang.String com.tienthanh.controllerORM.Android_PhoneControllerORM.late_list_android_phone(org.springframework.ui.Model)
15-Mar-2024 14:27:19.040 INFO [main] org.springframework.web.servlet.mvc.method.annotation.RequestMappingHandlerMapping.register Mapped "{[/tienthanhORM/interestPayment],methods=[POST],produces=[text/plain;charset=UTF-8]}" onto public java.lang.String com.tienthanh.controllerORM.Android_PhoneControllerORM.interestPayment(java.lang.String,int,int)
15-Mar-2024 14:27:19.040 INFO [main] org.springframework.web.servlet.mvc.method.annotation.RequestMappingHandlerMapping.register Mapped "{[/tienthanhORM/check_if_id_exist],methods=[POST]}" onto public java.lang.String com.tienthanh.controllerORM.Android_PhoneControllerORM.check_if_id_exist(java.lang.String)
15-Mar-2024 14:27:19.041 INFO [main] org.springframework.web.servlet.mvc.method.annotation.RequestMappingHandlerMapping.register Mapped "{[/tienthanhORM/add_or_edit_new_android_phone],methods=[POST]}" onto public java.lang.String com.tienthanh.controllerORM.Android_PhoneControllerORM.add_or_edit_new_android_phone(com.tienthanh.modelORM.Android_PhoneORM)
15-Mar-2024 14:27:19.140 INFO [main] org.springframework.web.servlet.mvc.method.annotation.RequestMappingHandlerAdapter.initControllerAdviceCache Looking for @ControllerAdvice: Root WebApplicationContext: startup date [Fri Mar 15 14:27:18 ICT 2024]; root of context hierarchy
15-Mar-2024 14:27:19.314 INFO [main] org.springframework.web.context.ContextLoader.initWebApplicationContext Root WebApplicationContext: initialization completed in 1100 ms
15-Mar-2024 14:27:19.316 INFO [main] org.springframework.web.servlet.DispatcherServlet.initServletBean FrameworkServlet 'dispatcher': initialization started
15-Mar-2024 14:27:19.319 INFO [main] org.springframework.web.context.support.AnnotationConfigWebApplicationContext.prepareRefresh Refreshing WebApplicationContext for namespace 'dispatcher-servlet': startup date [Fri Mar 15 14:27:19 ICT 2024]; parent: Root WebApplicationContext
15-Mar-2024 14:27:19.384 INFO [main] org.springframework.web.servlet.DispatcherServlet.initServletBean FrameworkServlet 'dispatcher': initialization completed in 68 ms
15-Mar-2024 14:27:19.389 INFO [main] org.apache.catalina.startup.HostConfig.deployDirectory Deployment of web application directory [C:\LEARN\codegym\PRJ_group_3_project\tomcat\apache-tomcat-9.0.73\webapps\Gradle___com_tienthanh___tiem_cam_do_tien_thanh_1_0_SNAPSHOT_war] has finished in [2,773] ms
15-Mar-2024 14:27:19.389 INFO [main] org.apache.catalina.startup.HostConfig.deployDirectory Deploying web application directory [C:\LEARN\codegym\PRJ_group_3_project\tomcat\apache-tomcat-9.0.73\webapps\host-manager]
15-Mar-2024 14:27:19.418 INFO [main] org.apache.catalina.startup.HostConfig.deployDirectory Deployment of web application directory [C:\LEARN\codegym\PRJ_group_3_project\tomcat\apache-tomcat-9.0.73\webapps\host-manager] has finished in [28] ms
15-Mar-2024 14:27:19.418 INFO [main] org.apache.catalina.startup.HostConfig.deployDirectory Deploying web application directory [C:\LEARN\codegym\PRJ_group_3_project\tomcat\apache-tomcat-9.0.73\webapps\list]
15-Mar-2024 14:27:19.725 INFO [main] org.apache.jasper.servlet.TldScanner.scanJars At least one JAR was scanned for TLDs yet contained no TLDs. Enable debug logging for this logger for a complete list of JARs that were scanned but no TLDs were found in them. Skipping unneeded JARs during scanning can improve startup time and JSP compilation time.
15-Mar-2024 14:27:19.742 INFO [main] org.apache.catalina.startup.HostConfig.deployDirectory Deployment of web application directory [C:\LEARN\codegym\PRJ_group_3_project\tomcat\apache-tomcat-9.0.73\webapps\list] has finished in [324] ms
15-Mar-2024 14:27:19.742 INFO [main] org.apache.catalina.startup.HostConfig.deployDirectory Deploying web application directory [C:\LEARN\codegym\PRJ_group_3_project\tomcat\apache-tomcat-9.0.73\webapps\manager]
15-Mar-2024 14:27:19.777 INFO [main] org.apache.catalina.startup.HostConfig.deployDirectory Deployment of web application directory [C:\LEARN\codegym\PRJ_group_3_project\tomcat\apache-tomcat-9.0.73\webapps\manager] has finished in [35] ms
15-Mar-2024 14:27:19.777 INFO [main] org.apache.catalina.startup.HostConfig.deployDirectory Deploying web application directory [C:\LEARN\codegym\PRJ_group_3_project\tomcat\apache-tomcat-9.0.73\webapps\ROOT]
15-Mar-2024 14:27:21.256 INFO [main] org.apache.jasper.servlet.TldScanner.scanJars At least one JAR was scanned for TLDs yet contained no TLDs. Enable debug logging for this logger for a complete list of JARs that were scanned but no TLDs were found in them. Skipping unneeded JARs during scanning can improve startup time and JSP compilation time.
15-Mar-2024 14:27:21.609 SEVERE [main] org.apache.catalina.core.StandardContext.startInternal One or more listeners failed to start. Full details will be found in the appropriate container log file
15-Mar-2024 14:27:21.609 SEVERE [main] org.apache.catalina.core.StandardContext.startInternal Context [] startup failed due to previous errors
15-Mar-2024 14:27:21.630 INFO [main] org.apache.catalina.startup.HostConfig.deployDirectory Deployment of web application directory [C:\LEARN\codegym\PRJ_group_3_project\tomcat\apache-tomcat-9.0.73\webapps\ROOT] has finished in [1,853] ms
15-Mar-2024 14:27:21.633 INFO [main] org.apache.coyote.AbstractProtocol.start Starting ProtocolHandler ["http-nio-8080"]
15-Mar-2024 14:27:21.689 INFO [main] org.apache.catalina.startup.Catalina.start Server startup in [17299] milliseconds
15-Mar-2024 14:28:01.424 INFO [main] org.apache.catalina.core.StandardServer.await A valid shutdown command was received via the shutdown port. Stopping the Server instance.
15-Mar-2024 14:28:01.424 INFO [main] org.apache.coyote.AbstractProtocol.pause Pausing ProtocolHandler ["http-nio-8080"]
15-Mar-2024 14:28:01.440 INFO [main] org.apache.catalina.core.StandardService.stopInternal Stopping service [Catalina]
15-Mar-2024 14:28:01.446 INFO [main] org.springframework.web.context.support.AnnotationConfigWebApplicationContext.doClose Closing WebApplicationContext for namespace 'dispatcher-servlet': startup date [Fri Mar 15 14:27:19 ICT 2024]; parent: Root WebApplicationContext
15-Mar-2024 14:28:01.447 INFO [main] org.springframework.web.context.support.AnnotationConfigWebApplicationContext.doClose Closing Root WebApplicationContext: startup date [Fri Mar 15 14:27:18 ICT 2024]; root of context hierarchy
15-Mar-2024 14:28:01.455 INFO [main] org.springframework.web.context.support.XmlWebApplicationContext.doClose Closing WebApplicationContext for namespace 'dispatcher-servlet': startup date [Fri Mar 15 14:27:07 ICT 2024]; parent: Root WebApplicationContext
15-Mar-2024 14:28:01.455 INFO [main] org.springframework.web.context.support.XmlWebApplicationContext.doClose Closing Root WebApplicationContext: startup date [Fri Mar 15 14:27:06 ICT 2024]; root of context hierarchy
15-Mar-2024 14:28:01.464 INFO [main] org.springframework.web.context.support.AnnotationConfigWebApplicationContext.doClose Closing WebApplicationContext for namespace 'dispatcher-servlet': startup date [Fri Mar 15 14:27:10 ICT 2024]; parent: Root WebApplicationContext
15-Mar-2024 14:28:01.465 INFO [main] org.springframework.web.context.support.AnnotationConfigWebApplicationContext.doClose Closing Root WebApplicationContext: startup date [Fri Mar 15 14:27:09 ICT 2024]; root of context hierarchy
15-Mar-2024 14:28:01.473 INFO [main] org.springframework.web.context.support.XmlWebApplicationContext.doClose Closing WebApplicationContext for namespace 'dispatcher-servlet': startup date [Fri Mar 15 14:27:15 ICT 2024]; parent: Root WebApplicationContext
15-Mar-2024 14:28:01.473 INFO [main] org.springframework.web.context.support.XmlWebApplicationContext.doClose Closing Root WebApplicationContext: startup date [Fri Mar 15 14:27:15 ICT 2024]; root of context hierarchy
15-Mar-2024 14:28:01.478 INFO [main] org.springframework.web.context.support.AnnotationConfigWebApplicationContext.doClose Closing WebApplicationContext for namespace 'dispatcher-servlet': startup date [Fri Mar 15 14:27:14 ICT 2024]; parent: Root WebApplicationContext
15-Mar-2024 14:28:01.479 INFO [main] org.springframework.web.context.support.AnnotationConfigWebApplicationContext.doClose Closing Root WebApplicationContext: startup date [Fri Mar 15 14:27:13 ICT 2024]; root of context hierarchy
15-Mar-2024 14:28:01.501 INFO [main] org.apache.coyote.AbstractProtocol.stop Stopping ProtocolHandler ["http-nio-8080"]
15-Mar-2024 14:28:01.507 INFO [main] org.apache.coyote.AbstractProtocol.destroy Destroying ProtocolHandler ["http-nio-8080"]
15-Mar-2024 14:28:04.578 INFO [main] org.apache.catalina.startup.VersionLoggerListener.log Server version name:   Apache Tomcat/9.0.73
15-Mar-2024 14:28:04.581 INFO [main] org.apache.catalina.startup.VersionLoggerListener.log Server built:          Feb 27 2023 15:33:40 UTC
15-Mar-2024 14:28:04.582 INFO [main] org.apache.catalina.startup.VersionLoggerListener.log Server version number: 9.0.73.0
15-Mar-2024 14:28:04.582 INFO [main] org.apache.catalina.startup.VersionLoggerListener.log OS Name:               Windows 10
15-Mar-2024 14:28:04.582 INFO [main] org.apache.catalina.startup.VersionLoggerListener.log OS Version:            10.0
15-Mar-2024 14:28:04.582 INFO [main] org.apache.catalina.startup.VersionLoggerListener.log Architecture:          amd64
15-Mar-2024 14:28:04.582 INFO [main] org.apache.catalina.startup.VersionLoggerListener.log Java Home:             C:\Program Files\Java\jdk-17
15-Mar-2024 14:28:04.582 INFO [main] org.apache.catalina.startup.VersionLoggerListener.log JVM Version:           17.0.10+11-LTS-240
15-Mar-2024 14:28:04.582 INFO [main] org.apache.catalina.startup.VersionLoggerListener.log JVM Vendor:            Oracle Corporation
15-Mar-2024 14:28:04.582 INFO [main] org.apache.catalina.startup.VersionLoggerListener.log CATALINA_BASE:         C:\LEARN\codegym\PRJ_group_3_project\tomcat\apache-tomcat-9.0.73
15-Mar-2024 14:28:04.582 INFO [main] org.apache.catalina.startup.VersionLoggerListener.log CATALINA_HOME:         C:\LEARN\codegym\PRJ_group_3_project\tomcat\apache-tomcat-9.0.73
15-Mar-2024 14:28:04.592 INFO [main] org.apache.catalina.startup.VersionLoggerListener.log Command line argument: --add-opens=java.base/java.lang=ALL-UNNAMED
15-Mar-2024 14:28:04.592 INFO [main] org.apache.catalina.startup.VersionLoggerListener.log Command line argument: --add-opens=java.base/java.io=ALL-UNNAMED
15-Mar-2024 14:28:04.592 INFO [main] org.apache.catalina.startup.VersionLoggerListener.log Command line argument: --add-opens=java.base/java.util=ALL-UNNAMED
15-Mar-2024 14:28:04.592 INFO [main] org.apache.catalina.startup.VersionLoggerListener.log Command line argument: --add-opens=java.base/java.util.concurrent=ALL-UNNAMED
15-Mar-2024 14:28:04.592 INFO [main] org.apache.catalina.startup.VersionLoggerListener.log Command line argument: --add-opens=java.rmi/sun.rmi.transport=ALL-UNNAMED
15-Mar-2024 14:28:04.592 INFO [main] org.apache.catalina.startup.VersionLoggerListener.log Command line argument: -Djava.util.logging.config.file=C:\LEARN\codegym\PRJ_group_3_project\tomcat\apache-tomcat-9.0.73\conf\logging.properties
15-Mar-2024 14:28:04.593 INFO [main] org.apache.catalina.startup.VersionLoggerListener.log Command line argument: -Djava.util.logging.manager=org.apache.juli.ClassLoaderLogManager
15-Mar-2024 14:28:04.593 INFO [main] org.apache.catalina.startup.VersionLoggerListener.log Command line argument: -Dhttp.nonProxyHosts=localhost|127.0.0.1|DESKTOP-RUV04BN
15-Mar-2024 14:28:04.593 INFO [main] org.apache.catalina.startup.VersionLoggerListener.log Command line argument: -Djdk.tls.ephemeralDHKeySize=2048
15-Mar-2024 14:28:04.593 INFO [main] org.apache.catalina.startup.VersionLoggerListener.log Command line argument: -Djava.protocol.handler.pkgs=org.apache.catalina.webresources
15-Mar-2024 14:28:04.593 INFO [main] org.apache.catalina.startup.VersionLoggerListener.log Command line argument: -Dignore.endorsed.dirs=
15-Mar-2024 14:28:04.593 INFO [main] org.apache.catalina.startup.VersionLoggerListener.log Command line argument: -Dcatalina.base=C:\LEARN\codegym\PRJ_group_3_project\tomcat\apache-tomcat-9.0.73
15-Mar-2024 14:28:04.593 INFO [main] org.apache.catalina.startup.VersionLoggerListener.log Command line argument: -Dcatalina.home=C:\LEARN\codegym\PRJ_group_3_project\tomcat\apache-tomcat-9.0.73
15-Mar-2024 14:28:04.593 INFO [main] org.apache.catalina.startup.VersionLoggerListener.log Command line argument: -Djava.io.tmpdir=C:\LEARN\codegym\PRJ_group_3_project\tomcat\apache-tomcat-9.0.73\temp
15-Mar-2024 14:28:04.596 INFO [main] org.apache.catalina.core.AprLifecycleListener.lifecycleEvent Loaded Apache Tomcat Native library [1.2.36] using APR version [1.7.2].
15-Mar-2024 14:28:04.600 INFO [main] org.apache.catalina.core.AprLifecycleListener.lifecycleEvent APR capabilities: IPv6 [true], sendfile [true], accept filters [false], random [true], UDS [true].
15-Mar-2024 14:28:04.600 INFO [main] org.apache.catalina.core.AprLifecycleListener.lifecycleEvent APR/OpenSSL configuration: useAprConnector [false], useOpenSSL [true]
15-Mar-2024 14:28:04.605 INFO [main] org.apache.catalina.core.AprLifecycleListener.initializeSSL OpenSSL successfully initialized [OpenSSL 1.1.1t  7 Feb 2023]
15-Mar-2024 14:28:04.849 INFO [main] org.apache.coyote.AbstractProtocol.init Initializing ProtocolHandler ["http-nio-8080"]
15-Mar-2024 14:28:04.875 INFO [main] org.apache.catalina.startup.Catalina.load Server initialization in [440] milliseconds
15-Mar-2024 14:28:04.921 INFO [main] org.apache.catalina.core.StandardService.startInternal Starting service [Catalina]
15-Mar-2024 14:28:04.921 INFO [main] org.apache.catalina.core.StandardEngine.startInternal Starting Servlet engine: [Apache Tomcat/9.0.73]
15-Mar-2024 14:28:04.930 INFO [main] org.apache.catalina.startup.HostConfig.deployDirectory Deploying web application directory [C:\LEARN\codegym\PRJ_group_3_project\tomcat\apache-tomcat-9.0.73\webapps\docs]
15-Mar-2024 14:28:05.253 INFO [main] org.apache.catalina.startup.HostConfig.deployDirectory Deployment of web application directory [C:\LEARN\codegym\PRJ_group_3_project\tomcat\apache-tomcat-9.0.73\webapps\docs] has finished in [323] ms
15-Mar-2024 14:28:05.254 INFO [main] org.apache.catalina.startup.HostConfig.deployDirectory Deploying web application directory [C:\LEARN\codegym\PRJ_group_3_project\tomcat\apache-tomcat-9.0.73\webapps\examples]
15-Mar-2024 14:28:05.606 INFO [main] org.apache.catalina.startup.HostConfig.deployDirectory Deployment of web application directory [C:\LEARN\codegym\PRJ_group_3_project\tomcat\apache-tomcat-9.0.73\webapps\examples] has finished in [352] ms
15-Mar-2024 14:28:05.607 INFO [main] org.apache.catalina.startup.HostConfig.deployDirectory Deploying web application directory [C:\LEARN\codegym\PRJ_group_3_project\tomcat\apache-tomcat-9.0.73\webapps\Gradle___com_example___demo1_1_0_SNAPSHOT_war]
15-Mar-2024 14:28:05.660 INFO [main] org.apache.catalina.startup.HostConfig.deployDirectory Deployment of web application directory [C:\LEARN\codegym\PRJ_group_3_project\tomcat\apache-tomcat-9.0.73\webapps\Gradle___com_example___demo1_1_0_SNAPSHOT_war] has finished in [52] ms
15-Mar-2024 14:28:05.660 INFO [main] org.apache.catalina.startup.HostConfig.deployDirectory Deploying web application directory [C:\LEARN\codegym\PRJ_group_3_project\tomcat\apache-tomcat-9.0.73\webapps\Gradle___com_example___demo_1_0_SNAPSHOT_war]
15-Mar-2024 14:28:06.704 INFO [main] org.apache.jasper.servlet.TldScanner.scanJars At least one JAR was scanned for TLDs yet contained no TLDs. Enable debug logging for this logger for a complete list of JARs that were scanned but no TLDs were found in them. Skipping unneeded JARs during scanning can improve startup time and JSP compilation time.
15-Mar-2024 14:28:06.754 INFO [main] org.springframework.web.context.ContextLoader.initWebApplicationContext Root WebApplicationContext: initialization started
15-Mar-2024 14:28:06.836 INFO [main] org.springframework.web.context.support.XmlWebApplicationContext.prepareRefresh Refreshing Root WebApplicationContext: startup date [Fri Mar 15 14:28:06 ICT 2024]; root of context hierarchy
15-Mar-2024 14:28:06.889 INFO [main] org.springframework.beans.factory.xml.XmlBeanDefinitionReader.loadBeanDefinitions Loading XML bean definitions from ServletContext resource [/WEB-INF/applicationContext.xml]
15-Mar-2024 14:28:07.012 INFO [main] org.springframework.web.context.ContextLoader.initWebApplicationContext Root WebApplicationContext: initialization completed in 258 ms
15-Mar-2024 14:28:07.018 INFO [main] org.springframework.web.servlet.DispatcherServlet.initServletBean FrameworkServlet 'dispatcher': initialization started
15-Mar-2024 14:28:07.036 INFO [main] org.springframework.web.context.support.XmlWebApplicationContext.prepareRefresh Refreshing WebApplicationContext for namespace 'dispatcher-servlet': startup date [Fri Mar 15 14:28:07 ICT 2024]; parent: Root WebApplicationContext
15-Mar-2024 14:28:07.036 INFO [main] org.springframework.beans.factory.xml.XmlBeanDefinitionReader.loadBeanDefinitions Loading XML bean definitions from ServletContext resource [/WEB-INF/dispatcher-servlet.xml]
15-Mar-2024 14:28:07.700 INFO [main] org.springframework.web.servlet.mvc.method.annotation.RequestMappingHandlerAdapter.initControllerAdviceCache Looking for @ControllerAdvice: WebApplicationContext for namespace 'dispatcher-servlet': startup date [Fri Mar 15 14:28:07 ICT 2024]; parent: Root WebApplicationContext
15-Mar-2024 14:28:07.754 INFO [main] org.springframework.web.servlet.mvc.method.annotation.RequestMappingHandlerAdapter.initControllerAdviceCache Looking for @ControllerAdvice: WebApplicationContext for namespace 'dispatcher-servlet': startup date [Fri Mar 15 14:28:07 ICT 2024]; parent: Root WebApplicationContext
15-Mar-2024 14:28:07.895 INFO [main] org.springframework.web.servlet.DispatcherServlet.initServletBean FrameworkServlet 'dispatcher': initialization completed in 877 ms
15-Mar-2024 14:28:07.898 INFO [main] org.apache.catalina.startup.HostConfig.deployDirectory Deployment of web application directory [C:\LEARN\codegym\PRJ_group_3_project\tomcat\apache-tomcat-9.0.73\webapps\Gradle___com_example___demo_1_0_SNAPSHOT_war] has finished in [2,238] ms
15-Mar-2024 14:28:07.899 INFO [main] org.apache.catalina.startup.HostConfig.deployDirectory Deploying web application directory [C:\LEARN\codegym\PRJ_group_3_project\tomcat\apache-tomcat-9.0.73\webapps\Gradle___com_example___hhhhhhhhhhh_1_0_SNAPSHOT_war]
15-Mar-2024 14:28:07.938 INFO [main] org.apache.catalina.startup.HostConfig.deployDirectory Deployment of web application directory [C:\LEARN\codegym\PRJ_group_3_project\tomcat\apache-tomcat-9.0.73\webapps\Gradle___com_example___hhhhhhhhhhh_1_0_SNAPSHOT_war] has finished in [39] ms
15-Mar-2024 14:28:07.938 INFO [main] org.apache.catalina.startup.HostConfig.deployDirectory Deploying web application directory [C:\LEARN\codegym\PRJ_group_3_project\tomcat\apache-tomcat-9.0.73\webapps\Gradle___com_example___hienThiDanhSachKhachHang_1_0_SNAPSHOT_war]
15-Mar-2024 14:28:08.089 INFO [main] org.apache.catalina.startup.HostConfig.deployDirectory Deployment of web application directory [C:\LEARN\codegym\PRJ_group_3_project\tomcat\apache-tomcat-9.0.73\webapps\Gradle___com_example___hienThiDanhSachKhachHang_1_0_SNAPSHOT_war] has finished in [151] ms
15-Mar-2024 14:28:08.090 INFO [main] org.apache.catalina.startup.HostConfig.deployDirectory Deploying web application directory [C:\LEARN\codegym\PRJ_group_3_project\tomcat\apache-tomcat-9.0.73\webapps\Gradle___com_example___pc_1_0_SNAPSHOT_war]
15-Mar-2024 14:28:08.125 INFO [main] org.apache.catalina.startup.HostConfig.deployDirectory Deployment of web application directory [C:\LEARN\codegym\PRJ_group_3_project\tomcat\apache-tomcat-9.0.73\webapps\Gradle___com_example___pc_1_0_SNAPSHOT_war] has finished in [36] ms
15-Mar-2024 14:28:08.126 INFO [main] org.apache.catalina.startup.HostConfig.deployDirectory Deploying web application directory [C:\LEARN\codegym\PRJ_group_3_project\tomcat\apache-tomcat-9.0.73\webapps\Gradle___com_example___quan_ly_san_pham_1_0_SNAPSHOT_war]
15-Mar-2024 14:28:08.921 INFO [main] org.apache.jasper.servlet.TldScanner.scanJars At least one JAR was scanned for TLDs yet contained no TLDs. Enable debug logging for this logger for a complete list of JARs that were scanned but no TLDs were found in them. Skipping unneeded JARs during scanning can improve startup time and JSP compilation time.
15-Mar-2024 14:28:08.994 INFO [main] org.springframework.web.context.ContextLoader.initWebApplicationContext Root WebApplicationContext: initialization started
15-Mar-2024 14:28:09.018 INFO [main] org.springframework.web.context.support.AnnotationConfigWebApplicationContext.prepareRefresh Refreshing Root WebApplicationContext: startup date [Fri Mar 15 14:28:09 ICT 2024]; root of context hierarchy
15-Mar-2024 14:28:09.086 INFO [main] org.springframework.web.context.support.AnnotationConfigWebApplicationContext.loadBeanDefinitions Registering annotated classes: [class com.codegym.configHTML.AppConfiguration]
15-Mar-2024 14:28:09.796 INFO [main] org.springframework.web.servlet.mvc.method.annotation.RequestMappingHandlerMapping.register Mapped "{[/product/update/{id}],methods=[GET]}" onto public java.lang.String com.codegym.controller.ProductController.showUpdate(int,org.springframework.ui.Model)
15-Mar-2024 14:28:09.797 INFO [main] org.springframework.web.servlet.mvc.method.annotation.RequestMappingHandlerMapping.register Mapped "{[/product/create],methods=[POST]}" onto public org.springframework.web.servlet.ModelAndView com.codegym.controller.ProductController.doCreate(com.codegym.model.Product)
15-Mar-2024 14:28:09.797 INFO [main] org.springframework.web.servlet.mvc.method.annotation.RequestMappingHandlerMapping.register Mapped "{[/product/update],methods=[POST]}" onto public org.springframework.web.servlet.ModelAndView com.codegym.controller.ProductController.doUpdate(com.codegym.model.Product)
15-Mar-2024 14:28:09.798 INFO [main] org.springframework.web.servlet.mvc.method.annotation.RequestMappingHandlerMapping.register Mapped "{[/product || /product/list],methods=[GET]}" onto public java.lang.String com.codegym.controller.ProductController.showList(org.springframework.ui.Model)
15-Mar-2024 14:28:09.798 INFO [main] org.springframework.web.servlet.mvc.method.annotation.RequestMappingHandlerMapping.register Mapped "{[/product/create],methods=[GET]}" onto public java.lang.String com.codegym.controller.ProductController.showCreate(com.codegym.model.Product,org.springframework.ui.Model)
15-Mar-2024 14:28:09.798 INFO [main] org.springframework.web.servlet.mvc.method.annotation.RequestMappingHandlerMapping.register Mapped "{[/product/delete/{id}],methods=[GET]}" onto public java.lang.String com.codegym.controller.ProductController.showDelete(int)
15-Mar-2024 14:28:09.798 INFO [main] org.springframework.web.servlet.mvc.method.annotation.RequestMappingHandlerMapping.register Mapped "{[/product/detail],methods=[GET]}" onto public java.lang.String com.codegym.controller.ProductController.showDetail(int,org.springframework.ui.Model)
15-Mar-2024 14:28:09.798 INFO [main] org.springframework.web.servlet.mvc.method.annotation.RequestMappingHandlerMapping.register Mapped "{[/product/search],methods=[POST]}" onto public org.springframework.web.servlet.ModelAndView com.codegym.controller.ProductController.doSearch(java.lang.String)
15-Mar-2024 14:28:09.875 INFO [main] org.springframework.web.servlet.mvc.method.annotation.RequestMappingHandlerAdapter.initControllerAdviceCache Looking for @ControllerAdvice: Root WebApplicationContext: startup date [Fri Mar 15 14:28:09 ICT 2024]; root of context hierarchy
15-Mar-2024 14:28:10.028 INFO [main] org.springframework.web.context.ContextLoader.initWebApplicationContext Root WebApplicationContext: initialization completed in 1033 ms
15-Mar-2024 14:28:10.030 INFO [main] org.springframework.web.servlet.DispatcherServlet.initServletBean FrameworkServlet 'dispatcher': initialization started
15-Mar-2024 14:28:10.032 INFO [main] org.springframework.web.context.support.AnnotationConfigWebApplicationContext.prepareRefresh Refreshing WebApplicationContext for namespace 'dispatcher-servlet': startup date [Fri Mar 15 14:28:10 ICT 2024]; parent: Root WebApplicationContext
15-Mar-2024 14:28:10.084 INFO [main] org.springframework.web.servlet.DispatcherServlet.initServletBean FrameworkServlet 'dispatcher': initialization completed in 54 ms
15-Mar-2024 14:28:10.087 INFO [main] org.apache.catalina.startup.HostConfig.deployDirectory Deployment of web application directory [C:\LEARN\codegym\PRJ_group_3_project\tomcat\apache-tomcat-9.0.73\webapps\Gradle___com_example___quan_ly_san_pham_1_0_SNAPSHOT_war] has finished in [1,961] ms
15-Mar-2024 14:28:10.088 INFO [main] org.apache.catalina.startup.HostConfig.deployDirectory Deploying web application directory [C:\LEARN\codegym\PRJ_group_3_project\tomcat\apache-tomcat-9.0.73\webapps\Gradle___com_example___spring_form_employee_1_0_SNAPSHOT_war]
15-Mar-2024 14:28:10.672 INFO [main] org.apache.jasper.servlet.TldScanner.scanJars At least one JAR was scanned for TLDs yet contained no TLDs. Enable debug logging for this logger for a complete list of JARs that were scanned but no TLDs were found in them. Skipping unneeded JARs during scanning can improve startup time and JSP compilation time.
15-Mar-2024 14:28:10.692 INFO [main] org.springframework.web.context.ContextLoader.initWebApplicationContext Root WebApplicationContext: initialization started
15-Mar-2024 14:28:10.872 INFO [main] org.springframework.web.context.ContextLoader.initWebApplicationContext Root WebApplicationContext initialized in 179 ms
15-Mar-2024 14:28:10.878 INFO [main] org.springframework.web.servlet.FrameworkServlet.initServletBean Initializing Servlet 'dispatcher'
15-Mar-2024 14:28:11.462 INFO [main] org.springframework.web.servlet.FrameworkServlet.initServletBean Completed initialization in 584 ms
15-Mar-2024 14:28:11.464 INFO [main] org.apache.catalina.startup.HostConfig.deployDirectory Deployment of web application directory [C:\LEARN\codegym\PRJ_group_3_project\tomcat\apache-tomcat-9.0.73\webapps\Gradle___com_example___spring_form_employee_1_0_SNAPSHOT_war] has finished in [1,376] ms
15-Mar-2024 14:28:11.465 INFO [main] org.apache.catalina.startup.HostConfig.deployDirectory Deploying web application directory [C:\LEARN\codegym\PRJ_group_3_project\tomcat\apache-tomcat-9.0.73\webapps\Gradle___com_example___taoTrangWebDeDangNhapVaHienThiLoiChao_1_0_SNAPSHOT_war]
15-Mar-2024 14:28:11.489 INFO [main] org.apache.catalina.startup.HostConfig.deployDirectory Deployment of web application directory [C:\LEARN\codegym\PRJ_group_3_project\tomcat\apache-tomcat-9.0.73\webapps\Gradle___com_example___taoTrangWebDeDangNhapVaHienThiLoiChao_1_0_SNAPSHOT_war] has finished in [25] ms
15-Mar-2024 14:28:11.489 INFO [main] org.apache.catalina.startup.HostConfig.deployDirectory Deploying web application directory [C:\LEARN\codegym\PRJ_group_3_project\tomcat\apache-tomcat-9.0.73\webapps\Gradle___com_example___test_many_to_many_1_0_SNAPSHOT_war]
15-Mar-2024 14:28:11.810 INFO [main] org.apache.jasper.servlet.TldScanner.scanJars At least one JAR was scanned for TLDs yet contained no TLDs. Enable debug logging for this logger for a complete list of JARs that were scanned but no TLDs were found in them. Skipping unneeded JARs during scanning can improve startup time and JSP compilation time.
15-Mar-2024 14:28:11.827 INFO [main] org.apache.catalina.startup.HostConfig.deployDirectory Deployment of web application directory [C:\LEARN\codegym\PRJ_group_3_project\tomcat\apache-tomcat-9.0.73\webapps\Gradle___com_example___test_many_to_many_1_0_SNAPSHOT_war] has finished in [337] ms
15-Mar-2024 14:28:11.827 INFO [main] org.apache.catalina.startup.HostConfig.deployDirectory Deploying web application directory [C:\LEARN\codegym\PRJ_group_3_project\tomcat\apache-tomcat-9.0.73\webapps\Gradle___com_example___thi_module_3_lan_2_1_0_SNAPSHOT_war]
15-Mar-2024 14:28:12.149 INFO [main] org.apache.jasper.servlet.TldScanner.scanJars At least one JAR was scanned for TLDs yet contained no TLDs. Enable debug logging for this logger for a complete list of JARs that were scanned but no TLDs were found in them. Skipping unneeded JARs during scanning can improve startup time and JSP compilation time.
15-Mar-2024 14:28:12.165 INFO [main] org.apache.catalina.startup.HostConfig.deployDirectory Deployment of web application directory [C:\LEARN\codegym\PRJ_group_3_project\tomcat\apache-tomcat-9.0.73\webapps\Gradle___com_example___thi_module_3_lan_2_1_0_SNAPSHOT_war] has finished in [337] ms
15-Mar-2024 14:28:12.165 INFO [main] org.apache.catalina.startup.HostConfig.deployDirectory Deploying web application directory [C:\LEARN\codegym\PRJ_group_3_project\tomcat\apache-tomcat-9.0.73\webapps\Gradle___com_example___tienthanh_1_0_SNAPSHOT_war]
15-Mar-2024 14:28:13.036 INFO [main] org.apache.jasper.servlet.TldScanner.scanJars At least one JAR was scanned for TLDs yet contained no TLDs. Enable debug logging for this logger for a complete list of JARs that were scanned but no TLDs were found in them. Skipping unneeded JARs during scanning can improve startup time and JSP compilation time.
15-Mar-2024 14:28:13.116 INFO [main] org.springframework.web.context.ContextLoader.initWebApplicationContext Root WebApplicationContext: initialization started
15-Mar-2024 14:28:13.139 INFO [main] org.springframework.web.context.support.AnnotationConfigWebApplicationContext.prepareRefresh Refreshing Root WebApplicationContext: startup date [Fri Mar 15 14:28:13 ICT 2024]; root of context hierarchy
15-Mar-2024 14:28:13.201 INFO [main] org.springframework.web.context.support.AnnotationConfigWebApplicationContext.loadBeanDefinitions Registering annotated classes: [class com.tienthanh.configHTML.AppConfiguration]
15-Mar-2024 14:28:13.860 INFO [main] org.springframework.web.servlet.mvc.method.annotation.RequestMappingHandlerMapping.register Mapped "{[/tienthanh/save_create_android_phone],methods=[POST]}" onto public java.lang.String com.tienthanh.controller.Android_PhoneController.aaaa(com.tienthanh.model.Android_Phone)
15-Mar-2024 14:28:13.862 INFO [main] org.springframework.web.servlet.mvc.method.annotation.RequestMappingHandlerMapping.register Mapped "{[/tienthanh],methods=[GET]}" onto public java.lang.String com.tienthanh.controller.Android_PhoneController.listAndroid_Phone(org.springframework.ui.Model)
15-Mar-2024 14:28:13.939 INFO [main] org.springframework.web.servlet.mvc.method.annotation.RequestMappingHandlerAdapter.initControllerAdviceCache Looking for @ControllerAdvice: Root WebApplicationContext: startup date [Fri Mar 15 14:28:13 ICT 2024]; root of context hierarchy
15-Mar-2024 14:28:14.135 INFO [main] org.springframework.web.context.ContextLoader.initWebApplicationContext Root WebApplicationContext: initialization completed in 1019 ms
15-Mar-2024 14:28:14.137 INFO [main] org.springframework.web.servlet.DispatcherServlet.initServletBean FrameworkServlet 'dispatcher': initialization started
15-Mar-2024 14:28:14.139 INFO [main] org.springframework.web.context.support.AnnotationConfigWebApplicationContext.prepareRefresh Refreshing WebApplicationContext for namespace 'dispatcher-servlet': startup date [Fri Mar 15 14:28:14 ICT 2024]; parent: Root WebApplicationContext
15-Mar-2024 14:28:14.202 INFO [main] org.springframework.web.servlet.DispatcherServlet.initServletBean FrameworkServlet 'dispatcher': initialization completed in 65 ms
15-Mar-2024 14:28:14.205 INFO [main] org.apache.catalina.startup.HostConfig.deployDirectory Deployment of web application directory [C:\LEARN\codegym\PRJ_group_3_project\tomcat\apache-tomcat-9.0.73\webapps\Gradle___com_example___tienthanh_1_0_SNAPSHOT_war] has finished in [2,040] ms
15-Mar-2024 14:28:14.205 INFO [main] org.apache.catalina.startup.HostConfig.deployDirectory Deploying web application directory [C:\LEARN\codegym\PRJ_group_3_project\tomcat\apache-tomcat-9.0.73\webapps\Gradle___com_example___Tien_Thanh_1_0_SNAPSHOT_war]
15-Mar-2024 14:28:14.237 INFO [main] org.apache.catalina.startup.HostConfig.deployDirectory Deployment of web application directory [C:\LEARN\codegym\PRJ_group_3_project\tomcat\apache-tomcat-9.0.73\webapps\Gradle___com_example___Tien_Thanh_1_0_SNAPSHOT_war] has finished in [32] ms
15-Mar-2024 14:28:14.237 INFO [main] org.apache.catalina.startup.HostConfig.deployDirectory Deploying web application directory [C:\LEARN\codegym\PRJ_group_3_project\tomcat\apache-tomcat-9.0.73\webapps\Gradle___com_example___TuDienDonGian_1_0_SNAPSHOT_war]
15-Mar-2024 14:28:14.754 INFO [main] org.apache.jasper.servlet.TldScanner.scanJars At least one JAR was scanned for TLDs yet contained no TLDs. Enable debug logging for this logger for a complete list of JARs that were scanned but no TLDs were found in them. Skipping unneeded JARs during scanning can improve startup time and JSP compilation time.
15-Mar-2024 14:28:14.777 INFO [main] org.springframework.web.context.ContextLoader.initWebApplicationContext Root WebApplicationContext: initialization started
15-Mar-2024 14:28:14.825 INFO [main] org.springframework.web.context.support.XmlWebApplicationContext.prepareRefresh Refreshing Root WebApplicationContext: startup date [Fri Mar 15 14:28:14 ICT 2024]; root of context hierarchy
15-Mar-2024 14:28:14.866 INFO [main] org.springframework.beans.factory.xml.XmlBeanDefinitionReader.loadBeanDefinitions Loading XML bean definitions from ServletContext resource [/WEB-INF/applicationContext.xml]
15-Mar-2024 14:28:14.932 INFO [main] org.springframework.web.context.ContextLoader.initWebApplicationContext Root WebApplicationContext: initialization completed in 155 ms
15-Mar-2024 14:28:14.937 INFO [main] org.springframework.web.servlet.DispatcherServlet.initServletBean FrameworkServlet 'dispatcher': initialization started
15-Mar-2024 14:28:14.946 INFO [main] org.springframework.web.context.support.XmlWebApplicationContext.prepareRefresh Refreshing WebApplicationContext for namespace 'dispatcher-servlet': startup date [Fri Mar 15 14:28:14 ICT 2024]; parent: Root WebApplicationContext
15-Mar-2024 14:28:14.946 INFO [main] org.springframework.beans.factory.xml.XmlBeanDefinitionReader.loadBeanDefinitions Loading XML bean definitions from ServletContext resource [/WEB-INF/dispatcher-servlet.xml]
15-Mar-2024 14:28:15.385 INFO [main] org.springframework.web.servlet.mvc.method.annotation.RequestMappingHandlerMapping.register Mapped "{[/dictionary],methods=[GET]}" onto public java.lang.String com.codegym.Controller.Controller.index()
15-Mar-2024 14:28:15.386 INFO [main] org.springframework.web.servlet.mvc.method.annotation.RequestMappingHandlerMapping.register Mapped "{[/US],methods=[POST]}" onto public java.lang.String com.codegym.Controller.Controller.submit(java.lang.String,org.springframework.ui.Model)
15-Mar-2024 14:28:15.445 INFO [main] org.springframework.web.servlet.mvc.method.annotation.RequestMappingHandlerAdapter.initControllerAdviceCache Looking for @ControllerAdvice: WebApplicationContext for namespace 'dispatcher-servlet': startup date [Fri Mar 15 14:28:14 ICT 2024]; parent: Root WebApplicationContext
15-Mar-2024 14:28:15.488 INFO [main] org.springframework.web.servlet.mvc.method.annotation.RequestMappingHandlerAdapter.initControllerAdviceCache Looking for @ControllerAdvice: WebApplicationContext for namespace 'dispatcher-servlet': startup date [Fri Mar 15 14:28:14 ICT 2024]; parent: Root WebApplicationContext
15-Mar-2024 14:28:15.588 INFO [main] org.springframework.web.servlet.DispatcherServlet.initServletBean FrameworkServlet 'dispatcher': initialization completed in 650 ms
15-Mar-2024 14:28:15.589 INFO [main] org.apache.catalina.startup.HostConfig.deployDirectory Deployment of web application directory [C:\LEARN\codegym\PRJ_group_3_project\tomcat\apache-tomcat-9.0.73\webapps\Gradle___com_example___TuDienDonGian_1_0_SNAPSHOT_war] has finished in [1,352] ms
15-Mar-2024 14:28:15.589 INFO [main] org.apache.catalina.startup.HostConfig.deployDirectory Deploying web application directory [C:\LEARN\codegym\PRJ_group_3_project\tomcat\apache-tomcat-9.0.73\webapps\Gradle___com_example___ungDungChuyenDoiTienTe_1_0_SNAPSHOT_war]
15-Mar-2024 14:28:15.626 INFO [main] org.apache.catalina.startup.HostConfig.deployDirectory Deployment of web application directory [C:\LEARN\codegym\PRJ_group_3_project\tomcat\apache-tomcat-9.0.73\webapps\Gradle___com_example___ungDungChuyenDoiTienTe_1_0_SNAPSHOT_war] has finished in [36] ms
15-Mar-2024 14:28:15.626 INFO [main] org.apache.catalina.startup.HostConfig.deployDirectory Deploying web application directory [C:\LEARN\codegym\PRJ_group_3_project\tomcat\apache-tomcat-9.0.73\webapps\Gradle___com_tienthanh___tiem_cam_do_tien_thanh_1_0_SNAPSHOT_war]
15-Mar-2024 14:28:16.932 INFO [main] org.apache.jasper.servlet.TldScanner.scanJars At least one JAR was scanned for TLDs yet contained no TLDs. Enable debug logging for this logger for a complete list of JARs that were scanned but no TLDs were found in them. Skipping unneeded JARs during scanning can improve startup time and JSP compilation time.
15-Mar-2024 14:28:17.037 INFO [main] org.springframework.web.context.ContextLoader.initWebApplicationContext Root WebApplicationContext: initialization started
15-Mar-2024 14:28:17.063 INFO [main] org.springframework.web.context.support.AnnotationConfigWebApplicationContext.prepareRefresh Refreshing Root WebApplicationContext: startup date [Fri Mar 15 14:28:17 ICT 2024]; root of context hierarchy
15-Mar-2024 14:28:17.139 INFO [main] org.springframework.web.context.support.AnnotationConfigWebApplicationContext.loadBeanDefinitions Registering annotated classes: [class com.tienthanh.configHTML.AppConfiguration]
15-Mar-2024 14:28:17.791 INFO [main] org.springframework.web.servlet.mvc.method.annotation.RequestMappingHandlerMapping.register Mapped "{[/tienthanhJDBC/save_create_android_phone],methods=[POST]}" onto public java.lang.String com.tienthanh.controllerJDBC.Android_PhoneControllerJDBC.aaaa(com.tienthanh.modelJDBC.Android_PhoneJDBC,org.springframework.ui.Model)
15-Mar-2024 14:28:17.793 INFO [main] org.springframework.web.servlet.mvc.method.annotation.RequestMappingHandlerMapping.register Mapped "{[/tienthanhJDBC],methods=[GET]}" onto public java.lang.String com.tienthanh.controllerJDBC.Android_PhoneControllerJDBC.listAndroid_Phone(org.springframework.ui.Model)
15-Mar-2024 14:28:17.795 INFO [main] org.springframework.web.servlet.mvc.method.annotation.RequestMappingHandlerMapping.register Mapped "{[/tienthanhORM],methods=[GET]}" onto public java.lang.String com.tienthanh.controllerORM.Android_PhoneControllerORM.listAndroid_Phone(org.springframework.ui.Model)
15-Mar-2024 14:28:17.795 INFO [main] org.springframework.web.servlet.mvc.method.annotation.RequestMappingHandlerMapping.register Mapped "{[/tienthanhORM/interestPayment],methods=[POST],produces=[text/plain;charset=UTF-8]}" onto public java.lang.String com.tienthanh.controllerORM.Android_PhoneControllerORM.interestPayment(java.lang.String,int,int)
15-Mar-2024 14:28:17.796 INFO [main] org.springframework.web.servlet.mvc.method.annotation.RequestMappingHandlerMapping.register Mapped "{[/tienthanhORM/check_if_id_exist],methods=[POST]}" onto public java.lang.String com.tienthanh.controllerORM.Android_PhoneControllerORM.check_if_id_exist(java.lang.String)
15-Mar-2024 14:28:17.796 INFO [main] org.springframework.web.servlet.mvc.method.annotation.RequestMappingHandlerMapping.register Mapped "{[/tienthanhORM/list_Find_Android_Phone_Similar_By_Id],methods=[POST]}" onto public java.lang.String com.tienthanh.controllerORM.Android_PhoneControllerORM.list_Find_Android_Phone_Similar_By_Id(java.lang.String,org.springframework.ui.Model)
15-Mar-2024 14:28:17.796 INFO [main] org.springframework.web.servlet.mvc.method.annotation.RequestMappingHandlerMapping.register Mapped "{[/tienthanhORM/list_Find_Android_Phone_Similar_By_Name],methods=[POST]}" onto public java.lang.String com.tienthanh.controllerORM.Android_PhoneControllerORM.list_Find_Android_Phone_Similar_By_Name(java.lang.String,org.springframework.ui.Model)
15-Mar-2024 14:28:17.796 INFO [main] org.springframework.web.servlet.mvc.method.annotation.RequestMappingHandlerMapping.register Mapped "{[/tienthanhORM/delete_android_phone_by_id],methods=[POST]}" onto public java.lang.String com.tienthanh.controllerORM.Android_PhoneControllerORM.delete_android_phone_by_id(java.lang.String)
15-Mar-2024 14:28:17.796 INFO [main] org.springframework.web.servlet.mvc.method.annotation.RequestMappingHandlerMapping.register Mapped "{[/tienthanhORM/late_list_android_phone],methods=[GET]}" onto public java.lang.String com.tienthanh.controllerORM.Android_PhoneControllerORM.late_list_android_phone(org.springframework.ui.Model)
15-Mar-2024 14:28:17.797 INFO [main] org.springframework.web.servlet.mvc.method.annotation.RequestMappingHandlerMapping.register Mapped "{[/tienthanhORM/near_term_list_android_phone],methods=[GET]}" onto public java.lang.String com.tienthanh.controllerORM.Android_PhoneControllerORM.near_term_list_android_phone(org.springframework.ui.Model)
15-Mar-2024 14:28:17.797 INFO [main] org.springframework.web.servlet.mvc.method.annotation.RequestMappingHandlerMapping.register Mapped "{[/tienthanhORM/add_or_edit_new_android_phone],methods=[POST]}" onto public java.lang.String com.tienthanh.controllerORM.Android_PhoneControllerORM.add_or_edit_new_android_phone(com.tienthanh.modelORM.Android_PhoneORM)
15-Mar-2024 14:28:17.869 INFO [main] org.springframework.web.servlet.mvc.method.annotation.RequestMappingHandlerAdapter.initControllerAdviceCache Looking for @ControllerAdvice: Root WebApplicationContext: startup date [Fri Mar 15 14:28:17 ICT 2024]; root of context hierarchy
15-Mar-2024 14:28:18.038 INFO [main] org.springframework.web.context.ContextLoader.initWebApplicationContext Root WebApplicationContext: initialization completed in 1000 ms
15-Mar-2024 14:28:18.039 INFO [main] org.springframework.web.servlet.DispatcherServlet.initServletBean FrameworkServlet 'dispatcher': initialization started
15-Mar-2024 14:28:18.043 INFO [main] org.springframework.web.context.support.AnnotationConfigWebApplicationContext.prepareRefresh Refreshing WebApplicationContext for namespace 'dispatcher-servlet': startup date [Fri Mar 15 14:28:18 ICT 2024]; parent: Root WebApplicationContext
15-Mar-2024 14:28:18.103 INFO [main] org.springframework.web.servlet.DispatcherServlet.initServletBean FrameworkServlet 'dispatcher': initialization completed in 64 ms
15-Mar-2024 14:28:18.107 INFO [main] org.apache.catalina.startup.HostConfig.deployDirectory Deployment of web application directory [C:\LEARN\codegym\PRJ_group_3_project\tomcat\apache-tomcat-9.0.73\webapps\Gradle___com_tienthanh___tiem_cam_do_tien_thanh_1_0_SNAPSHOT_war] has finished in [2,481] ms
15-Mar-2024 14:28:18.107 INFO [main] org.apache.catalina.startup.HostConfig.deployDirectory Deploying web application directory [C:\LEARN\codegym\PRJ_group_3_project\tomcat\apache-tomcat-9.0.73\webapps\host-manager]
15-Mar-2024 14:28:18.133 INFO [main] org.apache.catalina.startup.HostConfig.deployDirectory Deployment of web application directory [C:\LEARN\codegym\PRJ_group_3_project\tomcat\apache-tomcat-9.0.73\webapps\host-manager] has finished in [26] ms
15-Mar-2024 14:28:18.134 INFO [main] org.apache.catalina.startup.HostConfig.deployDirectory Deploying web application directory [C:\LEARN\codegym\PRJ_group_3_project\tomcat\apache-tomcat-9.0.73\webapps\list]
15-Mar-2024 14:28:18.420 INFO [main] org.apache.jasper.servlet.TldScanner.scanJars At least one JAR was scanned for TLDs yet contained no TLDs. Enable debug logging for this logger for a complete list of JARs that were scanned but no TLDs were found in them. Skipping unneeded JARs during scanning can improve startup time and JSP compilation time.
15-Mar-2024 14:28:18.432 INFO [main] org.apache.catalina.startup.HostConfig.deployDirectory Deployment of web application directory [C:\LEARN\codegym\PRJ_group_3_project\tomcat\apache-tomcat-9.0.73\webapps\list] has finished in [297] ms
15-Mar-2024 14:28:18.432 INFO [main] org.apache.catalina.startup.HostConfig.deployDirectory Deploying web application directory [C:\LEARN\codegym\PRJ_group_3_project\tomcat\apache-tomcat-9.0.73\webapps\manager]
15-Mar-2024 14:28:18.464 INFO [main] org.apache.catalina.startup.HostConfig.deployDirectory Deployment of web application directory [C:\LEARN\codegym\PRJ_group_3_project\tomcat\apache-tomcat-9.0.73\webapps\manager] has finished in [32] ms
15-Mar-2024 14:28:18.464 INFO [main] org.apache.catalina.startup.HostConfig.deployDirectory Deploying web application directory [C:\LEARN\codegym\PRJ_group_3_project\tomcat\apache-tomcat-9.0.73\webapps\ROOT]
15-Mar-2024 14:28:19.776 INFO [main] org.apache.jasper.servlet.TldScanner.scanJars At least one JAR was scanned for TLDs yet contained no TLDs. Enable debug logging for this logger for a complete list of JARs that were scanned but no TLDs were found in them. Skipping unneeded JARs during scanning can improve startup time and JSP compilation time.
15-Mar-2024 14:28:20.078 SEVERE [main] org.apache.catalina.core.StandardContext.startInternal One or more listeners failed to start. Full details will be found in the appropriate container log file
15-Mar-2024 14:28:20.078 SEVERE [main] org.apache.catalina.core.StandardContext.startInternal Context [] startup failed due to previous errors
15-Mar-2024 14:28:20.095 INFO [main] org.apache.catalina.startup.HostConfig.deployDirectory Deployment of web application directory [C:\LEARN\codegym\PRJ_group_3_project\tomcat\apache-tomcat-9.0.73\webapps\ROOT] has finished in [1,631] ms
15-Mar-2024 14:28:20.099 INFO [main] org.apache.coyote.AbstractProtocol.start Starting ProtocolHandler ["http-nio-8080"]
15-Mar-2024 14:28:20.154 INFO [main] org.apache.catalina.startup.Catalina.start Server startup in [15278] milliseconds
15-Mar-2024 14:29:45.593 INFO [main] org.apache.catalina.core.StandardServer.await A valid shutdown command was received via the shutdown port. Stopping the Server instance.
15-Mar-2024 14:29:45.594 INFO [main] org.apache.coyote.AbstractProtocol.pause Pausing ProtocolHandler ["http-nio-8080"]
15-Mar-2024 14:29:45.608 INFO [main] org.apache.catalina.core.StandardService.stopInternal Stopping service [Catalina]
15-Mar-2024 14:29:45.614 INFO [main] org.springframework.web.context.support.AnnotationConfigWebApplicationContext.doClose Closing WebApplicationContext for namespace 'dispatcher-servlet': startup date [Fri Mar 15 14:28:18 ICT 2024]; parent: Root WebApplicationContext
15-Mar-2024 14:29:45.615 INFO [main] org.springframework.web.context.support.AnnotationConfigWebApplicationContext.doClose Closing Root WebApplicationContext: startup date [Fri Mar 15 14:28:17 ICT 2024]; root of context hierarchy
15-Mar-2024 14:29:45.630 INFO [main] org.springframework.web.context.support.XmlWebApplicationContext.doClose Closing WebApplicationContext for namespace 'dispatcher-servlet': startup date [Fri Mar 15 14:28:07 ICT 2024]; parent: Root WebApplicationContext
15-Mar-2024 14:29:45.631 INFO [main] org.springframework.web.context.support.XmlWebApplicationContext.doClose Closing Root WebApplicationContext: startup date [Fri Mar 15 14:28:06 ICT 2024]; root of context hierarchy
15-Mar-2024 14:29:45.642 INFO [main] org.springframework.web.context.support.AnnotationConfigWebApplicationContext.doClose Closing WebApplicationContext for namespace 'dispatcher-servlet': startup date [Fri Mar 15 14:28:10 ICT 2024]; parent: Root WebApplicationContext
15-Mar-2024 14:29:45.643 INFO [main] org.springframework.web.context.support.AnnotationConfigWebApplicationContext.doClose Closing Root WebApplicationContext: startup date [Fri Mar 15 14:28:09 ICT 2024]; root of context hierarchy
15-Mar-2024 14:29:45.653 INFO [main] org.springframework.web.context.support.XmlWebApplicationContext.doClose Closing WebApplicationContext for namespace 'dispatcher-servlet': startup date [Fri Mar 15 14:28:14 ICT 2024]; parent: Root WebApplicationContext
15-Mar-2024 14:29:45.654 INFO [main] org.springframework.web.context.support.XmlWebApplicationContext.doClose Closing Root WebApplicationContext: startup date [Fri Mar 15 14:28:14 ICT 2024]; root of context hierarchy
15-Mar-2024 14:29:45.660 INFO [main] org.springframework.web.context.support.AnnotationConfigWebApplicationContext.doClose Closing WebApplicationContext for namespace 'dispatcher-servlet': startup date [Fri Mar 15 14:28:14 ICT 2024]; parent: Root WebApplicationContext
15-Mar-2024 14:29:45.660 INFO [main] org.springframework.web.context.support.AnnotationConfigWebApplicationContext.doClose Closing Root WebApplicationContext: startup date [Fri Mar 15 14:28:13 ICT 2024]; root of context hierarchy
15-Mar-2024 14:29:45.691 INFO [main] org.apache.coyote.AbstractProtocol.stop Stopping ProtocolHandler ["http-nio-8080"]
15-Mar-2024 14:29:45.695 INFO [main] org.apache.coyote.AbstractProtocol.destroy Destroying ProtocolHandler ["http-nio-8080"]
